c:\projetos\xfs_material\src\xfs\spsiu\debug\spsiu.pch
c:\projetos\xfs_material\src\xfs\spsiu\debug\vc142.pdb
c:\projetos\xfs_material\src\xfs\spsiu\debug\vc142.idb
c:\projetos\xfs_material\src\xfs\spsiu\debug\pch.obj
c:\projetos\xfs_material\src\xfs\spsiu\debug\dllmain.obj
c:\projetos\xfs_material\src\xfs\spsiu\debug\cthread.obj
c:\projetos\xfs_material\src\xfs\spsiu\debug\csession.obj
c:\projetos\xfs_material\src\xfs\spsiu\debug\cserviceprovider.obj
c:\projetos\xfs_material\src\xfs\spsiu\debug\cobjectcontainer.obj
c:\projetos\xfs_material\src\xfs\spsiu\debug\ccommand.obj
c:\projetos\xfs_material\src\xfs\spsiu\debug\brxutil.obj
c:\projetos\xfs_material\src\xfs\debug\spsiu.ilk
c:\projetos\xfs_material\src\xfs\debug\spsiu.dll
c:\projetos\xfs_material\src\xfs\debug\spsiu.pdb
c:\projetos\xfs_material\src\xfs\debug\spsiu.lib
c:\projetos\xfs_material\src\xfs\debug\spsiu.exp
c:\projetos\xfs_material\src\xfs\spsiu\debug\spsiu.tlog\cl.command.1.tlog
c:\projetos\xfs_material\src\xfs\spsiu\debug\spsiu.tlog\cl.read.1.tlog
c:\projetos\xfs_material\src\xfs\spsiu\debug\spsiu.tlog\cl.write.1.tlog
c:\projetos\xfs_material\src\xfs\spsiu\debug\spsiu.tlog\link.command.1.tlog
c:\projetos\xfs_material\src\xfs\spsiu\debug\spsiu.tlog\link.read.1.tlog
c:\projetos\xfs_material\src\xfs\spsiu\debug\spsiu.tlog\link.write.1.tlog
c:\projetos\xfs_material\src\xfs\spsiu\debug\spsiu.tlog\spsiu.write.1u.tlog
